<?xml version="1.0" encoding="UTF-8" ?>
<testsuite tests="8" failures="0" name="ListTest" time="0.007" errors="0" skipped="0">
  <properties>
[...]
</properties>
  <testcase classname="ListTest" name="testTestAdd" time="0.003"/>
  <testcase classname="ListTest" name="testAdd" time="0"/>
  <testcase classname="ListTest" name="testGet" time="0"/>
  <testcase classname="ListTest" name="testClear" time="0"/>
  <testcase classname="ListTest" name="testSort" time="0.004"/>
  <testcase classname="ListTest" name="testGetSize" time="0"/>
  <testcase classname="ListTest" name="testIndexOf" time="0"/>
  <testcase classname="ListTest" name="testRemove" time="0"/>
</testsuite>